<?xml version="1.0" encoding="UTF-8"?>
<!-- Generated by org.testng.reporters.JUnitXMLReporter -->
<testsuite hostname="DESKTOP-8Q08RE0" failures="1" tests="2" name="Test" time="14.92" errors="0" timestamp="23 Feb 2021 17:34:00 GMT">
  <testcase classname="AutomationFramework.Homepage" name="homepagaeNavigation" time="2.912">
    <failure type="java.lang.AssertionError" message="expected [MY ACCOUNT] but found [AUTHENTICATION]">
      <![CDATA[java.lang.AssertionError: expected [MY ACCOUNT] but found [AUTHENTICATION]
	at AutomationFramework.Homepage.homepagaeNavigation(Homepage.java:46)
	at org.apache.maven.surefire.testng.TestNGExecutor.run(TestNGExecutor.java:283)
	at org.apache.maven.surefire.testng.TestNGXmlTestSuite.execute(TestNGXmlTestSuite.java:75)
	at org.apache.maven.surefire.testng.TestNGProvider.invoke(TestNGProvider.java:120)
	at org.apache.maven.surefire.booter.ForkedBooter.invokeProviderInSameClassLoader(ForkedBooter.java:386)
	at org.apache.maven.surefire.booter.ForkedBooter.runSuitesInProcess(ForkedBooter.java:323)
	at org.apache.maven.surefire.booter.ForkedBooter.main(ForkedBooter.java:143)
... Removed 26 stack frames]]>
    </failure>
  </testcase> <!-- homepagaeNavigation -->
  <testcase classname="AutomationFramework.AppTest" name="shouldAnswerWithTrue" time="0.001"/>
</testsuite> <!-- Test -->
