<?xml version="1.0" encoding="UTF-8"?>
<testsuite xmlns:xsi="http://www.w3.org/2001/XMLSchema-instance" xsi:noNamespaceSchemaLocation="https://maven.apache.org/surefire/maven-surefire-plugin/xsd/surefire-test-report.xsd" name="TestSuite" time="15.966" tests="2" errors="0" skipped="0" failures="1">
  <properties>
[...]
</properties>
  <testcase name="homepagaeNavigation" classname="AutomationFramework.Homepage" time="2.922">
    <failure message="expected [MY ACCOUNT] but found [AUTHENTICATION]" type="java.lang.AssertionError">java.lang.AssertionError: expected [MY ACCOUNT] but found [AUTHENTICATION]
	at AutomationFramework.Homepage.homepagaeNavigation(Homepage.java:46)
</failure>
    <system-err><![CDATA[Starting ChromeDriver 88.0.4324.96 (68dba2d8a0b149a1d3afac56fa74648032bcf46b-refs/branch-heads/4324@{#1784}) on port 19957
Only local connections are allowed.
Please see https://chromedriver.chromium.org/security-considerations for suggestions on keeping ChromeDriver safe.
ChromeDriver was started successfully.
Feb 23, 2021 11:33:47 AM org.openqa.selenium.remote.ProtocolHandshake createSession
INFO: Detected dialect: W3C
]]></system-err>
  </testcase>
  <testcase name="shouldAnswerWithTrue" classname="AutomationFramework.AppTest" time="0"/>
</testsuite>