-------------------------------------------------------------------------------
Test set: TestSuite
-------------------------------------------------------------------------------
Tests run: 2, Failures: 1, Errors: 0, Skipped: 0, Time elapsed: 15.966 s <<< FAILURE! - in TestSuite
homepagaeNavigation(AutomationFramework.Homepage)  Time elapsed: 2.922 s  <<< FAILURE!
java.lang.AssertionError: expected [MY ACCOUNT] but found [AUTHENTICATION]
	at AutomationFramework.Homepage.homepagaeNavigation(Homepage.java:46)

